{"uuid":"5878e84c-dc50-4296-bbb4-0007f9cf8709","historyId":"8beec3e70fd72ebe817fa15d15ab00ff","testCaseId":"[engine:junit-jupiter]/[class:com.medad.uaepass.LoginViaUaePassTest]","testCaseName":"LoginViaUaePassTest","fullName":"com.medad.uaepass.LoginViaUaePassTest","labels":[{"name":"junit.platform.uniqueid","value":"[engine:junit-jupiter]/[class:com.medad.uaepass.LoginViaUaePassTest]"},{"name":"epic","value":"Medad Identity"},{"name":"feature","value":"UAE Pass Integration"},{"name":"host","value":"Rania-i9-Pc"},{"name":"thread","value":"20000@Rania-i9-Pc.main(3)"},{"name":"framework","value":"junit-platform"},{"name":"language","value":"java"},{"name":"package","value":"com.medad.uaepass.LoginViaUaePassTest"},{"name":"testClass","value":"com.medad.uaepass.LoginViaUaePassTest"},{"name":"suite","value":"com.medad.uaepass.LoginViaUaePassTest"},{"name":"AS_ID","value":"-1"}],"links":[],"name":"LoginViaUaePassTest","status":"broken","statusDetails":{"known":false,"muted":false,"flaky":false,"message":"Can't get Docker image: RemoteDockerImage(imageName=<resolving>, imagePullPolicy=DefaultPullPolicy(), imageNameSubstitutor=org.testcontainers.utility.ImageNameSubstitutor$LogWrappedImageNameSubstitutor@5529ff44)","trace":"org.testcontainers.containers.ContainerFetchException: Can't get Docker image: RemoteDockerImage(imageName=<resolving>, imagePullPolicy=DefaultPullPolicy(), imageNameSubstitutor=org.testcontainers.utility.ImageNameSubstitutor$LogWrappedImageNameSubstitutor@5529ff44)\r\n\tat org.testcontainers.containers.GenericContainer.getDockerImageName(GenericContainer.java:1364)\r\n\tat org.testcontainers.containers.GenericContainer.doStart(GenericContainer.java:351)\r\n\tat org.testcontainers.containers.GenericContainer.start(GenericContainer.java:322)\r\n\tat com.medad.base.BaseTest.setupMedadIdentity(BaseTest.java:176)\r\n\tat java.base/java.lang.reflect.Method.invoke(Method.java:565)\r\n\tat java.base/java.util.ArrayList.forEach(ArrayList.java:1604)\r\nCaused by: com.github.dockerjava.api.exception.DockerClientException: Could not build image: COPY failed: no source files were specified\r\n\tat com.github.dockerjava.api.command.BuildImageResultCallback.getImageId(BuildImageResultCallback.java:71)\r\n\tat com.github.dockerjava.api.command.BuildImageResultCallback.awaitImageId(BuildImageResultCallback.java:50)\r\n\tat org.testcontainers.images.builder.ImageFromDockerfile.resolve(ImageFromDockerfile.java:165)\r\n\tat org.testcontainers.images.builder.ImageFromDockerfile.resolve(ImageFromDockerfile.java:43)\r\n\tat org.testcontainers.utility.LazyFuture.getResolvedValue(LazyFuture.java:20)\r\n\tat org.testcontainers.utility.LazyFuture.get(LazyFuture.java:41)\r\n\tat org.testcontainers.shaded.com.google.common.util.concurrent.Futures$1.get(Futures.java:538)\r\n\tat org.testcontainers.images.RemoteDockerImage.getImageName(RemoteDockerImage.java:172)\r\n\tat org.testcontainers.images.RemoteDockerImage.resolve(RemoteDockerImage.java:76)\r\n\tat org.testcontainers.images.RemoteDockerImage.resolve(RemoteDockerImage.java:35)\r\n\tat org.testcontainers.utility.LazyFuture.getResolvedValue(LazyFuture.java:20)\r\n\tat org.testcontainers.utility.LazyFuture.get(LazyFuture.java:41)\r\n\tat org.testcontainers.containers.GenericContainer.getDockerImageName(GenericContainer.java:1362)\r\n\t... 5 more\r\n"},"stage":"finished","description":"","steps":[],"attachments":[],"parameters":[],"start":1763364124840,"stop":1763364124845}