{"uuid":"5ebe3da4-5f6b-441d-bf19-2a93a8023d8e","historyId":"1a70702c2ffe7fa4c418ae51231a1d70","testCaseId":"[engine:junit-jupiter]/[class:com.medad.uaepass.LoginViaUaePassTest]/[method:testCompleteLoginUAEPassUserAutomaticPathLevel2()]","testCaseName":"Successful login with automatic Path Level 2","fullName":"com.medad.uaepass.LoginViaUaePassTest.testCompleteLoginUAEPassUserAutomaticPathLevel2","labels":[{"name":"junit.platform.uniqueid","value":"[engine:junit-jupiter]/[class:com.medad.uaepass.LoginViaUaePassTest]/[method:testCompleteLoginUAEPassUserAutomaticPathLevel2()]"},{"name":"epic","value":"Medad Identity"},{"name":"feature","value":"UAE Pass Integration"},{"name":"story","value":"UAE Pass implement SOP1, 2 and 3"},{"name":"host","value":"Rania_Laptop"},{"name":"thread","value":"27556@Rania_Laptop.main(1)"},{"name":"framework","value":"junit-platform"},{"name":"language","value":"java"},{"name":"package","value":"com.medad.uaepass.LoginViaUaePassTest"},{"name":"testClass","value":"com.medad.uaepass.LoginViaUaePassTest"},{"name":"testMethod","value":"testCompleteLoginUAEPassUserAutomaticPathLevel2"},{"name":"suite","value":"com.medad.uaepass.LoginViaUaePassTest"},{"name":"severity","value":"critical"}],"links":[],"name":"Successful login with automatic Path Level 2","status":"broken","statusDetails":{"known":false,"muted":false,"flaky":false,"message":"Failed to create realm with user profile","trace":"java.lang.RuntimeException: Failed to create realm with user profile\r\n\tat com.medad.utils.RealmConfigurationManager.createRealmWithUserProfile(RealmConfigurationManager.java:341)\r\n\tat com.medad.uaepass.LoginViaUaePassTest.lambda$testCompleteLoginUAEPassUserAutomaticPathLevel2$6(LoginViaUaePassTest.java:105)\r\n\tat io.qameta.allure.Allure.lambda$step$0(Allure.java:113)\r\n\tat io.qameta.allure.Allure.lambda$step$1(Allure.java:127)\r\n\tat io.qameta.allure.Allure.step(Allure.java:181)\r\n\tat io.qameta.allure.Allure.step(Allure.java:125)\r\n\tat io.qameta.allure.Allure.step(Allure.java:112)\r\n\tat com.medad.uaepass.LoginViaUaePassTest.testCompleteLoginUAEPassUserAutomaticPathLevel2(LoginViaUaePassTest.java:99)\r\n\tat java.base/java.lang.reflect.Method.invoke(Method.java:580)\r\n\tat java.base/java.util.ArrayList.forEach(ArrayList.java:1597)\r\n\tat java.base/java.util.ArrayList.forEach(ArrayList.java:1597)\r\nCaused by: java.lang.RuntimeException: Failed to apply user profile\r\n\tat com.medad.utils.RealmConfigurationManager.applyUserProfile(RealmConfigurationManager.java:427)\r\n\tat com.medad.utils.RealmConfigurationManager.createRealmWithUserProfile(RealmConfigurationManager.java:332)\r\n\t... 10 more\r\nCaused by: java.lang.RuntimeException: Failed to update user profile\r\n\tat com.medad.utils.RealmConfigurationManager.updateUserProfile(RealmConfigurationManager.java:492)\r\n\tat com.medad.utils.RealmConfigurationManager.applyUserProfile(RealmConfigurationManager.java:411)\r\n\t... 11 more\r\nCaused by: java.lang.RuntimeException: Failed to update user profile. Status: 400\r\n\tat com.medad.utils.RealmConfigurationManager.updateUserProfile(RealmConfigurationManager.java:487)\r\n\t... 12 more\r\n"},"stage":"finished","description":"This test verifies that a user un linked can successfully log in using valid username and password through UAE Pass integration","steps":[{"name":"Step 1: Create Realm :{testRealmName}","status":"broken","statusDetails":{"known":false,"muted":false,"flaky":false,"message":"Failed to create realm with user profile","trace":"java.lang.RuntimeException: Failed to create realm with user profile\r\n\tat com.medad.utils.RealmConfigurationManager.createRealmWithUserProfile(RealmConfigurationManager.java:341)\r\n\tat com.medad.uaepass.LoginViaUaePassTest.lambda$testCompleteLoginUAEPassUserAutomaticPathLevel2$6(LoginViaUaePassTest.java:105)\r\n\tat io.qameta.allure.Allure.lambda$step$0(Allure.java:113)\r\n\tat io.qameta.allure.Allure.lambda$step$1(Allure.java:127)\r\n\tat io.qameta.allure.Allure.step(Allure.java:181)\r\n\tat io.qameta.allure.Allure.step(Allure.java:125)\r\n\tat io.qameta.allure.Allure.step(Allure.java:112)\r\n\tat com.medad.uaepass.LoginViaUaePassTest.testCompleteLoginUAEPassUserAutomaticPathLevel2(LoginViaUaePassTest.java:99)\r\n\tat java.base/jdk.internal.reflect.DirectMethodHandleAccessor.invoke(DirectMethodHandleAccessor.java:103)\r\n\tat java.base/java.lang.reflect.Method.invoke(Method.java:580)\r\n\tat org.junit.platform.commons.util.ReflectionUtils.invokeMethod(ReflectionUtils.java:787)\r\n\tat org.junit.platform.commons.support.ReflectionSupport.invokeMethod(ReflectionSupport.java:478)\r\n\tat org.junit.jupiter.engine.execution.MethodInvocation.proceed(MethodInvocation.java:60)\r\n\tat org.junit.jupiter.engine.execution.InvocationInterceptorChain$ValidatingInvocation.proceed(InvocationInterceptorChain.java:131)\r\n\tat org.junit.jupiter.engine.extension.TimeoutExtension.intercept(TimeoutExtension.java:161)\r\n\tat org.junit.jupiter.engine.extension.TimeoutExtension.interceptTestableMethod(TimeoutExtension.java:152)\r\n\tat org.junit.jupiter.engine.extension.TimeoutExtension.interceptTestMethod(TimeoutExtension.java:91)\r\n\tat org.junit.jupiter.engine.execution.InterceptingExecutableInvoker$ReflectiveInterceptorCall.lambda$ofVoidMethod$0(InterceptingExecutableInvoker.java:112)\r\n\tat org.junit.jupiter.engine.execution.InterceptingExecutableInvoker.lambda$invoke$0(InterceptingExecutableInvoker.java:94)\r\n\tat org.junit.jupiter.engine.execution.InvocationInterceptorChain$InterceptedInvocation.proceed(InvocationInterceptorChain.java:106)\r\n\tat org.junit.jupiter.engine.execution.InvocationInterceptorChain.proceed(InvocationInterceptorChain.java:64)\r\n\tat org.junit.jupiter.engine.execution.InvocationInterceptorChain.chainAndInvoke(InvocationInterceptorChain.java:45)\r\n\tat org.junit.jupiter.engine.execution.InvocationInterceptorChain.invoke(InvocationInterceptorChain.java:37)\r\n\tat org.junit.jupiter.engine.execution.InterceptingExecutableInvoker.invoke(InterceptingExecutableInvoker.java:93)\r\n\tat org.junit.jupiter.engine.execution.InterceptingExecutableInvoker.invoke(InterceptingExecutableInvoker.java:87)\r\n\tat org.junit.jupiter.engine.descriptor.TestMethodTestDescriptor.lambda$invokeTestMethod$4(TestMethodTestDescriptor.java:221)\r\n\tat org.junit.platform.engine.support.hierarchical.ThrowableCollector.execute(ThrowableCollector.java:73)\r\n\tat org.junit.jupiter.engine.descriptor.TestMethodTestDescriptor.invokeTestMethod(TestMethodTestDescriptor.java:217)\r\n\tat org.junit.jupiter.engine.descriptor.TestMethodTestDescriptor.execute(TestMethodTestDescriptor.java:159)\r\n\tat org.junit.jupiter.engine.descriptor.TestMethodTestDescriptor.execute(TestMethodTestDescriptor.java:70)\r\n\tat org.junit.platform.engine.support.hierarchical.NodeTestTask.lambda$executeRecursively$6(NodeTestTask.java:157)\r\n\tat org.junit.platform.engine.support.hierarchical.ThrowableCollector.execute(ThrowableCollector.java:73)\r\n\tat org.junit.platform.engine.support.hierarchical.NodeTestTask.lambda$executeRecursively$8(NodeTestTask.java:147)\r\n\tat org.junit.platform.engine.support.hierarchical.Node.around(Node.java:137)\r\n\tat org.junit.platform.engine.support.hierarchical.NodeTestTask.lambda$executeRecursively$9(NodeTestTask.java:145)\r\n\tat org.junit.platform.engine.support.hierarchical.ThrowableCollector.execute(ThrowableCollector.java:73)\r\n\tat org.junit.platform.engine.support.hierarchical.NodeTestTask.executeRecursively(NodeTestTask.java:144)\r\n\tat org.junit.platform.engine.support.hierarchical.NodeTestTask.execute(NodeTestTask.java:101)\r\n\tat java.base/java.util.ArrayList.forEach(ArrayList.java:1597)\r\n\tat org.junit.platform.engine.support.hierarchical.SameThreadHierarchicalTestExecutorService.invokeAll(SameThreadHierarchicalTestExecutorService.java:41)\r\n\tat org.junit.platform.engine.support.hierarchical.NodeTestTask.lambda$executeRecursively$6(NodeTestTask.java:161)\r\n\tat org.junit.platform.engine.support.hierarchical.ThrowableCollector.execute(ThrowableCollector.java:73)\r\n\tat org.junit.platform.engine.support.hierarchical.NodeTestTask.lambda$executeRecursively$8(NodeTestTask.java:147)\r\n\tat org.junit.platform.engine.support.hierarchical.Node.around(Node.java:137)\r\n\tat org.junit.platform.engine.support.hierarchical.NodeTestTask.lambda$executeRecursively$9(NodeTestTask.java:145)\r\n\tat org.junit.platform.engine.support.hierarchical.ThrowableCollector.execute(ThrowableCollector.java:73)\r\n\tat org.junit.platform.engine.support.hierarchical.NodeTestTask.executeRecursively(NodeTestTask.java:144)\r\n\tat org.junit.platform.engine.support.hierarchical.NodeTestTask.execute(NodeTestTask.java:101)\r\n\tat java.base/java.util.ArrayList.forEach(ArrayList.java:1597)\r\n\tat org.junit.platform.engine.support.hierarchical.SameThreadHierarchicalTestExecutorService.invokeAll(SameThreadHierarchicalTestExecutorService.java:41)\r\n\tat org.junit.platform.engine.support.hierarchical.NodeTestTask.lambda$executeRecursively$6(NodeTestTask.java:161)\r\n\tat org.junit.platform.engine.support.hierarchical.ThrowableCollector.execute(ThrowableCollector.java:73)\r\n\tat org.junit.platform.engine.support.hierarchical.NodeTestTask.lambda$executeRecursively$8(NodeTestTask.java:147)\r\n\tat org.junit.platform.engine.support.hierarchical.Node.around(Node.java:137)\r\n\tat org.junit.platform.engine.support.hierarchical.NodeTestTask.lambda$executeRecursively$9(NodeTestTask.java:145)\r\n\tat org.junit.platform.engine.support.hierarchical.ThrowableCollector.execute(ThrowableCollector.java:73)\r\n\tat org.junit.platform.engine.support.hierarchical.NodeTestTask.executeRecursively(NodeTestTask.java:144)\r\n\tat org.junit.platform.engine.support.hierarchical.NodeTestTask.execute(NodeTestTask.java:101)\r\n\tat org.junit.platform.engine.support.hierarchical.SameThreadHierarchicalTestExecutorService.submit(SameThreadHierarchicalTestExecutorService.java:35)\r\n\tat org.junit.platform.engine.support.hierarchical.HierarchicalTestExecutor.execute(HierarchicalTestExecutor.java:57)\r\n\tat org.junit.platform.engine.support.hierarchical.HierarchicalTestEngine.execute(HierarchicalTestEngine.java:54)\r\n\tat org.junit.platform.launcher.core.EngineExecutionOrchestrator.executeEngine(EngineExecutionOrchestrator.java:230)\r\n\tat org.junit.platform.launcher.core.EngineExecutionOrchestrator.failOrExecuteEngine(EngineExecutionOrchestrator.java:204)\r\n\tat org.junit.platform.launcher.core.EngineExecutionOrchestrator.execute(EngineExecutionOrchestrator.java:172)\r\n\tat org.junit.platform.launcher.core.EngineExecutionOrchestrator.execute(EngineExecutionOrchestrator.java:101)\r\n\tat org.junit.platform.launcher.core.EngineExecutionOrchestrator.lambda$execute$0(EngineExecutionOrchestrator.java:64)\r\n\tat org.junit.platform.launcher.core.EngineExecutionOrchestrator.withInterceptedStreams(EngineExecutionOrchestrator.java:150)\r\n\tat org.junit.platform.launcher.core.EngineExecutionOrchestrator.execute(EngineExecutionOrchestrator.java:63)\r\n\tat org.junit.platform.launcher.core.DefaultLauncher.execute(DefaultLauncher.java:109)\r\n\tat org.junit.platform.launcher.core.DefaultLauncher.execute(DefaultLauncher.java:91)\r\n\tat org.junit.platform.launcher.core.DelegatingLauncher.execute(DelegatingLauncher.java:47)\r\n\tat org.junit.platform.launcher.core.InterceptingLauncher.lambda$execute$1(InterceptingLauncher.java:39)\r\n\tat org.junit.platform.launcher.core.ClasspathAlignmentCheckingLauncherInterceptor.intercept(ClasspathAlignmentCheckingLauncherInterceptor.java:25)\r\n\tat org.junit.platform.launcher.core.InterceptingLauncher.execute(InterceptingLauncher.java:38)\r\n\tat org.junit.platform.launcher.core.DelegatingLauncher.execute(DelegatingLauncher.java:47)\r\n\tat org.junit.platform.launcher.core.SessionPerRequestLauncher.execute(SessionPerRequestLauncher.java:66)\r\n\tat com.intellij.junit5.JUnit5IdeaTestRunner.startRunnerWithArgs(JUnit5IdeaTestRunner.java:66)\r\n\tat com.intellij.rt.junit.IdeaTestRunner$Repeater$1.execute(IdeaTestRunner.java:38)\r\n\tat com.intellij.rt.execution.junit.TestsRepeater.repeat(TestsRepeater.java:11)\r\n\tat com.intellij.rt.junit.IdeaTestRunner$Repeater.startRunnerWithArgs(IdeaTestRunner.java:35)\r\n\tat com.intellij.rt.junit.JUnitStarter.prepareStreamsAndStart(JUnitStarter.java:231)\r\n\tat com.intellij.rt.junit.JUnitStarter.main(JUnitStarter.java:55)\r\nCaused by: java.lang.RuntimeException: Failed to apply user profile\r\n\tat com.medad.utils.RealmConfigurationManager.applyUserProfile(RealmConfigurationManager.java:427)\r\n\tat com.medad.utils.RealmConfigurationManager.createRealmWithUserProfile(RealmConfigurationManager.java:332)\r\n\t... 81 more\r\nCaused by: java.lang.RuntimeException: Failed to update user profile\r\n\tat com.medad.utils.RealmConfigurationManager.updateUserProfile(RealmConfigurationManager.java:492)\r\n\tat com.medad.utils.RealmConfigurationManager.applyUserProfile(RealmConfigurationManager.java:411)\r\n\t... 82 more\r\nCaused by: java.lang.RuntimeException: Failed to update user profile. Status: 400\r\n\tat com.medad.utils.RealmConfigurationManager.updateUserProfile(RealmConfigurationManager.java:487)\r\n\t... 83 more\r\n"},"stage":"finished","steps":[],"attachments":[],"parameters":[],"start":1763053146698,"stop":1763053149944}],"attachments":[],"parameters":[],"start":1763053146163,"stop":1763053150030}